<?xml version="1.0" encoding="UTF-8"?>
<!-- Generated by org.testng.reporters.JUnitXMLReporter -->
<testsuite ignored="1" hostname="LAPTOP-DC276QPP" failures="0" tests="5" name="Test" time="0.038" errors="0" timestamp="2022-06-03T14:28:07 IST">
  <testcase classname="seleniumBasic.SuitePractice1" name="a1" time="0.005"/>
  <testcase classname="seleniumBasic.SuitePractice1" name="a2" time="0.001"/>
  <testcase classname="seleniumBasic.SuitePractice" name="t2" time="0.001"/>
  <testcase classname="seleniumBasic.SuitePractice2" name="b1" time="0.001"/>
  <testcase classname="seleniumBasic.SuitePractice2" name="b2" time="0.001"/>
  <testcase classname="seleniumBasic.SuitePractice" name="t1" time="0.0">
    <ignored/>
  </testcase> <!-- t1 -->
</testsuite> <!-- Test -->
